<?xml version="1.0" encoding="utf-8"?><testsuites name="pytest tests"><testsuite name="pytest" errors="0" failures="1" skipped="0" tests="11" time="4.657" timestamp="2026-06-21T11:06:28.257867+00:00" hostname="agent-env-57bd020b-829b-4403-b2b9-09912868b634"><testcase classname="backend.tests.test_v100_transfer_audit" name="test_login_ok" time="1.982" /><testcase classname="backend.tests.test_v100_transfer_audit" name="test_transfer_rejects_self" time="0.127" /><testcase classname="backend.tests.test_v100_transfer_audit" name="test_transfer_success" time="0.109" /><testcase classname="backend.tests.test_v100_transfer_audit" name="test_transfer_invalid_pid" time="0.126" /><testcase classname="backend.tests.test_v100_transfer_audit" name="test_transfer_missing_email" time="0.091" /><testcase classname="backend.tests.test_v100_transfer_audit" name="test_audit_log_returns_structure" time="0.134" /><testcase classname="backend.tests.test_v100_transfer_audit" name="test_audit_log_invalid_pid" time="0.096" /><testcase classname="backend.tests.test_v100_transfer_audit" name="test_dispatch_does_not_500" time="0.140" /><testcase classname="backend.tests.test_v100_transfer_audit" name="test_patch_status_awaiting_avizare" time="0.138"><failure message="AssertionError: 400 {&quot;detail&quot;:&quot;Status invalid&quot;}&#10;assert 400 == 200&#10; +  where 400 = &lt;Response [400]&gt;.status_code">backend/tests/test_v100_transfer_audit.py:125: in test_patch_status_awaiting_avizare
    assert r.status_code == 200, f"{r.status_code} {r.text[:300]}"
E   AssertionError: 400 {"detail":"Status invalid"}
E   assert 400 == 200
E    +  where 400 = &lt;Response [400]&gt;.status_code</failure></testcase><testcase classname="backend.tests.test_v100_transfer_audit" name="test_dossier_zip_has_files" time="1.432" /><testcase classname="backend.tests.test_v100_transfer_audit" name="test_doc_templates_count" time="0.099" /></testsuite></testsuites>