<?xml version="1.0" encoding="utf-8"?><testsuites name="pytest tests"><testsuite name="pytest" errors="0" failures="0" skipped="0" tests="7" time="3.508" timestamp="2026-06-21T11:41:39.601499+00:00" hostname="agent-env-57bd020b-829b-4403-b2b9-09912868b634"><testcase classname="backend.tests.test_v104_plan_quota.TestMePlan" name="test_me_plan_structure" time="0.988" /><testcase classname="backend.tests.test_v104_plan_quota.TestProjectQuotaDeveloper" name="test_create_project_under_developer_increments_usage" time="0.360" /><testcase classname="backend.tests.test_v104_plan_quota.TestProjectQuotaDeveloper" name="test_cleanup_test_project" time="0.099" /><testcase classname="backend.tests.test_v104_plan_quota.TestDocGenerationQuota" name="test_doc_generation_increments_log" time="0.359" /><testcase classname="backend.tests.test_v104_plan_quota.TestDossierZip" name="test_dossier_zip_allowed_for_developer" time="1.404" /><testcase classname="backend.tests.test_v104_plan_quota.TestSMTPEnvCleanup" name="test_env_has_single_gmail_user" time="0.000" /><testcase classname="backend.tests.test_v104_plan_quota.TestUnauthorized" name="test_me_plan_requires_auth" time="0.161" /></testsuite></testsuites>