<?xml version="1.0" encoding="utf-8"?><testsuites name="pytest tests"><testsuite name="pytest" errors="0" failures="0" skipped="0" tests="13" time="4.495" timestamp="2026-06-22T14:21:58.542995+00:00" hostname="agent-env-57bd020b-829b-4403-b2b9-09912868b634"><testcase classname="backend.tests.test_v105_features.TestOCRExtractFields" name="test_extract_fields_docx_v10_5" time="0.869" /><testcase classname="backend.tests.test_v105_features.TestOCRExtractFields" name="test_extract_fields_doc_legacy" time="0.475" /><testcase classname="backend.tests.test_v105_features.TestOCRExtractFields" name="test_docx_renamed_as_doc_preserves_data" time="0.439" /><testcase classname="backend.tests.test_v105_features.TestMaterialsDB" name="test_db_stats" time="0.138" /><testcase classname="backend.tests.test_v105_features.TestMaterialsDB" name="test_search_teava_dn63" time="0.099" /><testcase classname="backend.tests.test_v105_features.TestAutoMaterials" name="test_materials_auto" time="0.112" /><testcase classname="backend.tests.test_v105_features.TestProiectComplet" name="test_download_proiect_complet" time="0.171" /><testcase classname="backend.tests.test_v105_features.TestSEO" name="test_keywords_present" time="0.115" /><testcase classname="backend.tests.test_v105_features.TestRegression" name="test_me_plan" time="0.102" /><testcase classname="backend.tests.test_v105_features.TestRegression" name="test_get_project" time="0.121" /><testcase classname="backend.tests.test_v105_features.TestRegression" name="test_patch_status" time="0.224" /><testcase classname="backend.tests.test_v105_features.TestRegression" name="test_dossier_zip" time="1.438" /><testcase classname="backend.tests.test_v105_features.TestRegression" name="test_audit_log" time="0.104" /></testsuite></testsuites>