<?xml version="1.0" encoding="utf-8"?><testsuites name="pytest tests"><testsuite name="pytest" errors="0" failures="0" skipped="0" tests="15" time="4.429" timestamp="2026-06-22T16:06:13.734014+00:00" hostname="agent-env-57bd020b-829b-4403-b2b9-09912868b634"><testcase classname="backend.tests.test_v106_features.TestHybridAuth" name="test_login_returns_token_and_cookie" time="0.379" /><testcase classname="backend.tests.test_v106_features.TestHybridAuth" name="test_login_cookie_attributes" time="0.373" /><testcase classname="backend.tests.test_v106_features.TestHybridAuth" name="test_me_with_bearer_only_no_cookie" time="0.117" /><testcase classname="backend.tests.test_v106_features.TestHybridAuth" name="test_me_with_cookie_only" time="0.130" /><testcase classname="backend.tests.test_v106_features.TestHybridAuth" name="test_me_with_both" time="0.109" /><testcase classname="backend.tests.test_v106_features.TestStripeDonation" name="test_donation_2_ron_live" time="0.557" /><testcase classname="backend.tests.test_v106_features.TestOCRPlaceholders" name="test_template_placeholders_heuristic" time="0.212" /><testcase classname="backend.tests.test_v106_features.TestOCRPlaceholders" name="test_smart_extract_llm" time="0.156" /><testcase classname="backend.tests.test_v106_features.TestFillTemplate" name="test_fill_template_basic" time="0.164" /><testcase classname="backend.tests.test_v106_features.TestFillTemplate" name="test_fill_template_rejects_pdf" time="0.126" /><testcase classname="backend.tests.test_v106_features.TestFillTemplate" name="test_fill_template_invalid_json" time="0.112" /><testcase classname="backend.tests.test_v106_features.TestFillTemplate" name="test_fill_template_empty_replacements" time="0.173" /><testcase classname="backend.tests.test_v106_features.TestRegression" name="test_me_plan" time="0.116" /><testcase classname="backend.tests.test_v106_features.TestRegression" name="test_get_demo_project" time="0.118" /><testcase classname="backend.tests.test_v106_features.TestRegression" name="test_dossier_zip" time="1.472" /></testsuite></testsuites>