<?xml version="1.0" encoding="utf-8"?><testsuites name="pytest tests"><testsuite name="pytest" errors="0" failures="0" skipped="0" tests="10" time="2.172" timestamp="2026-06-25T17:44:11.412160+00:00" hostname="agent-env-57bd020b-829b-4403-b2b9-09912868b634"><testcase classname="backend.tests.test_v108_features.TestAuthRegister" name="test_register_with_name_gdpr" time="0.342" /><testcase classname="backend.tests.test_v108_features.TestAuthLogin" name="test_login_existing_user" time="0.323" /><testcase classname="backend.tests.test_v108_features.TestAuthLogin" name="test_me_with_bearer_only" time="0.101" /><testcase classname="backend.tests.test_v108_features.TestPublicPlans" name="test_plans_public_no_auth" time="0.099" /><testcase classname="backend.tests.test_v108_features.TestPublicPlans" name="test_plans_has_prices" time="0.111" /><testcase classname="backend.tests.test_v108_features.TestDonations" name="test_donations_checkout_live" time="0.409" /><testcase classname="backend.tests.test_v108_features.TestSubscriptionCheckout" name="test_subscription_proiectant" time="0.386" /><testcase classname="backend.tests.test_v108_features" name="test_seo_meta[/pricing-must_have0]" time="0.113" /><testcase classname="backend.tests.test_v108_features" name="test_seo_meta[/contact-must_have1]" time="0.120" /><testcase classname="backend.tests.test_v108_features" name="test_seo_meta[/sponsorizeaza-must_have2]" time="0.103" /></testsuite></testsuites>