<?xml version="1.0" encoding="utf-8"?><testsuites name="pytest tests"><testsuite name="pytest" errors="0" failures="0" skipped="0" tests="7" time="1.318" timestamp="2026-06-25T18:47:27.960820+00:00" hostname="agent-env-57bd020b-829b-4403-b2b9-09912868b634"><testcase classname="backend.tests.test_v110_gas_master_studio.TestAuth" name="test_login" time="0.463" /><testcase classname="backend.tests.test_v110_gas_master_studio.TestAuth" name="test_me" time="0.145" /><testcase classname="backend.tests.test_v110_gas_master_studio.TestPlansPublic" name="test_plans_no_auth" time="0.115" /><testcase classname="backend.tests.test_v110_gas_master_studio.TestMasterDocxPreview" name="test_preview_requires_auth" time="0.099" /><testcase classname="backend.tests.test_v110_gas_master_studio.TestMasterDocxPreview" name="test_preview_returns_docx" time="0.148" /><testcase classname="backend.tests.test_v110_gas_master_studio.TestMasterDocxPreview" name="test_preview_placeholders_replaced" time="0.159" /><testcase classname="backend.tests.test_v110_gas_master_studio.TestGasTemplates" name="test_doc_templates_listing" time="0.116" /></testsuite></testsuites>