<?xml version="1.0" encoding="utf-8"?><testsuites name="pytest tests"><testsuite name="pytest" errors="0" failures="0" skipped="0" tests="10" time="2.017" timestamp="2026-06-25T20:28:32.822379+00:00" hostname="agent-env-57bd020b-829b-4403-b2b9-09912868b634"><testcase classname="backend.tests.test_v113_gas_new_sections.TestTemplatesCatalog" name="test_catalog_returns_30plus_templates" time="0.545" /><testcase classname="backend.tests.test_v113_gas_new_sections.TestTemplatesCatalog" name="test_catalog_has_known_templates" time="0.114" /><testcase classname="backend.tests.test_v113_gas_new_sections.TestDocPreview" name="test_doc_preview_returns_docx[predare_amplasament]" time="0.157" /><testcase classname="backend.tests.test_v113_gas_new_sections.TestDocPreview" name="test_doc_preview_returns_docx[memoriu_tehnic]" time="0.151" /><testcase classname="backend.tests.test_v113_gas_new_sections.TestDocPreview" name="test_doc_preview_returns_docx[cerere_atr]" time="0.161" /><testcase classname="backend.tests.test_v113_gas_new_sections.TestDocPreview" name="test_doc_preview_returns_docx[pv_receptie]" time="0.161" /><testcase classname="backend.tests.test_v113_gas_new_sections.TestDocPreview" name="test_doc_preview_invalid_template_404" time="0.153" /><testcase classname="backend.tests.test_v113_gas_new_sections.TestDocPreview" name="test_doc_preview_requires_auth" time="0.126" /><testcase classname="backend.tests.test_v113_gas_new_sections.TestMasterDocxExtended" name="test_master_docx_with_suduri_and_pv" time="0.190" /><testcase classname="backend.tests.test_v113_gas_new_sections.TestMasterDocxExtended" name="test_master_docx_without_new_sections" time="0.177" /></testsuite></testsuites>