<?xml version="1.0" encoding="utf-8"?><testsuites name="pytest tests"><testsuite name="pytest" errors="0" failures="0" skipped="0" tests="18" time="5.412" timestamp="2026-06-25T21:29:29.943227+00:00" hostname="agent-env-57bd020b-829b-4403-b2b9-09912868b634"><testcase classname="backend.tests.test_v115_auth_payments.TestPlans" name="test_plans_list_returns_11" time="0.218" /><testcase classname="backend.tests.test_v115_auth_payments.TestAuth" name="test_owner_login" time="0.292" /><testcase classname="backend.tests.test_v115_auth_payments.TestAuth" name="test_auth_me_with_token" time="0.422" /><testcase classname="backend.tests.test_v115_auth_payments.TestAuth" name="test_register_missing_gdpr_rejected" time="0.056" /><testcase classname="backend.tests.test_v115_auth_payments.TestAuth" name="test_register_success_with_gdpr" time="0.344" /><testcase classname="backend.tests.test_v115_auth_payments.TestMePlan" name="test_owner_plan_capabilities" time="0.055" /><testcase classname="backend.tests.test_v115_auth_payments.TestMeBilling" name="test_billing_structure" time="0.056" /><testcase classname="backend.tests.test_v115_auth_payments.TestMenu" name="test_owner_menu_has_cont_dept" time="0.053" /><testcase classname="backend.tests.test_v115_auth_payments.TestCompanyProfile" name="test_company_profile_save_and_get" time="0.117" /><testcase classname="backend.tests.test_v115_auth_payments.TestGasProject" name="test_gas_project_create_update_get" time="0.170" /><testcase classname="backend.tests.test_v115_auth_payments.TestPlanCheckout" name="test_paid_plan_returns_live_stripe_url[basic]" time="0.614" /><testcase classname="backend.tests.test_v115_auth_payments.TestPlanCheckout" name="test_paid_plan_returns_live_stripe_url[proiectant]" time="0.376" /><testcase classname="backend.tests.test_v115_auth_payments.TestPlanCheckout" name="test_paid_plan_returns_live_stripe_url[societate]" time="0.328" /><testcase classname="backend.tests.test_v115_auth_payments.TestPlanCheckout" name="test_paid_plan_returns_live_stripe_url[avize]" time="0.344" /><testcase classname="backend.tests.test_v115_auth_payments.TestPlanCheckout" name="test_trial_free_activation" time="0.053" /><testcase classname="backend.tests.test_v115_auth_payments.TestDonations" name="test_donation_ron_live" time="0.892" /><testcase classname="backend.tests.test_v115_auth_payments.TestDonations" name="test_donation_eur_live" time="0.849" /><testcase classname="backend.tests.test_v115_auth_payments.TestDonations" name="test_donation_min_amount_ron_rejected" time="0.059" /></testsuite></testsuites>