<?xml version="1.0" encoding="utf-8"?><testsuites name="pytest tests"><testsuite name="pytest" errors="0" failures="0" skipped="0" tests="14" time="1.608" timestamp="2026-06-26T00:53:11.671196+00:00" hostname="agent-env-57bd020b-829b-4403-b2b9-09912868b634"><testcase classname="backend.tests.test_v119_plans_db_cleanup.TestPlansEndpoint" name="test_plans_endpoint_returns_list" time="0.146" /><testcase classname="backend.tests.test_v119_plans_db_cleanup.TestPlansEndpoint" name="test_public_plans_count_includes_mass_production" time="0.000" /><testcase classname="backend.tests.test_v119_plans_db_cleanup.TestPlansEndpoint" name="test_prices_doubled_exact" time="0.000" /><testcase classname="backend.tests.test_v119_plans_db_cleanup.TestPlansEndpoint" name="test_currency_eur_and_label_fara_tva" time="0.000" /><testcase classname="backend.tests.test_v119_plans_db_cleanup.TestPlansEndpoint" name="test_societate_one_pc" time="0.000" /><testcase classname="backend.tests.test_v119_plans_db_cleanup.TestPlansEndpoint" name="test_mass_production_plan" time="0.000" /><testcase classname="backend.tests.test_v119_plans_db_cleanup.TestProjectLimits" name="test_owner_me_plan_is_society_admin" time="0.349" /><testcase classname="backend.tests.test_v119_plans_db_cleanup.TestProjectLimits" name="test_plans_payload_has_projects_per_month" time="0.044" /><testcase classname="backend.tests.test_v119_plans_db_cleanup.TestAuth" name="test_owner_login_returns_admin" time="0.270" /><testcase classname="backend.tests.test_v119_plans_db_cleanup.TestPublicStats" name="test_public_stats_zero_after_cleanup" time="0.050" /><testcase classname="backend.tests.test_v119_plans_db_cleanup.TestTransparencyAudit" name="test_audit_endpoint" time="0.045" /><testcase classname="backend.tests.test_v119_plans_db_cleanup.TestCheckout" name="test_owner_checkout_trial_blocks_downgrade" time="0.045" /><testcase classname="backend.tests.test_v119_plans_db_cleanup.TestCheckout" name="test_owner_checkout_mass_production_no_500" time="0.518" /><testcase classname="backend.tests.test_v119_plans_db_cleanup.TestGasProjects" name="test_owner_gas_projects_marked_test" time="0.051" /></testsuite></testsuites>