<?xml version="1.0" encoding="utf-8"?><testsuites name="pytest tests"><testsuite name="pytest" errors="0" failures="0" skipped="0" tests="17" time="5.440" timestamp="2026-06-26T02:47:51.270335+00:00" hostname="agent-env-57bd020b-829b-4403-b2b9-09912868b634"><testcase classname="backend.tests.test_v120_verificator_workflow.TestPlans" name="test_plans_count_and_includes_new_ones" time="0.244" /><testcase classname="backend.tests.test_v120_verificator_workflow.TestMePlan" name="test_owner_society_admin_limits" time="0.437" /><testcase classname="backend.tests.test_v120_verificator_workflow.TestMePlan" name="test_basic_user_limits" time="0.469" /><testcase classname="backend.tests.test_v120_verificator_workflow.TestAuth" name="test_register_login_me" time="0.751" /><testcase classname="backend.tests.test_v120_verificator_workflow.TestAuth" name="test_register_without_gdpr_fails" time="0.123" /><testcase classname="backend.tests.test_v120_verificator_workflow.TestCheckout" name="test_checkout_basic" time="0.545" /><testcase classname="backend.tests.test_v120_verificator_workflow.TestCheckout" name="test_checkout_vgd_1000eur" time="0.385" /><testcase classname="backend.tests.test_v120_verificator_workflow.TestCheckout" name="test_checkout_trial_free_activation" time="0.119" /><testcase classname="backend.tests.test_v120_verificator_workflow.TestDonations" name="test_donate_10_ron" time="0.412" /><testcase classname="backend.tests.test_v120_verificator_workflow.TestDonations" name="test_donate_5_eur" time="0.375" /><testcase classname="backend.tests.test_v120_verificator_workflow.TestDonations" name="test_donate_too_small_fails" time="0.102" /><testcase classname="backend.tests.test_v120_verificator_workflow.TestVerificatorAccess" name="test_inbox_owner_access" time="0.100" /><testcase classname="backend.tests.test_v120_verificator_workflow.TestVerificatorAccess" name="test_inbox_basic_user_forbidden" time="0.102" /><testcase classname="backend.tests.test_v120_verificator_workflow.TestVerificatorAccess" name="test_ledger_owner_access" time="0.094" /><testcase classname="backend.tests.test_v120_verificator_workflow.TestVerificatorWorkflow" name="test_submit_to_inexistent_verifier_404" time="0.213" /><testcase classname="backend.tests.test_v120_verificator_workflow.TestVerificatorWorkflow" name="test_submit_to_non_vgd_user_400" time="0.103" /><testcase classname="backend.tests.test_v120_verificator_workflow.TestVerificatorWorkflow" name="test_submit_and_decide_full_flow" time="0.762" /></testsuite></testsuites>