<?xml version="1.0" encoding="utf-8"?><testsuites name="pytest tests"><testsuite name="pytest" errors="0" failures="0" skipped="0" tests="19" time="4.591" timestamp="2026-07-02T23:35:54.740454+00:00" hostname="agent-env-57bd020b-829b-4403-b2b9-09912868b634"><testcase classname="backend.tests.test_v130_full_validation.TestSEO" name="test_robots_txt" time="0.172" /><testcase classname="backend.tests.test_v130_full_validation.TestSEO" name="test_sitemap_xml" time="0.140" /><testcase classname="backend.tests.test_v130_full_validation.TestSEO" name="test_sitemap_industries" time="0.138" /><testcase classname="backend.tests.test_v130_full_validation.TestSEO" name="test_sitemap_images" time="0.141" /><testcase classname="backend.tests.test_v130_full_validation.TestAuth" name="test_login_owner" time="0.570" /><testcase classname="backend.tests.test_v130_full_validation.TestAuth" name="test_login_invalid" time="0.380" /><testcase classname="backend.tests.test_v130_full_validation.TestAuth" name="test_register_and_login" time="0.844" /><testcase classname="backend.tests.test_v130_full_validation.TestAuth" name="test_register_gdpr_required" time="0.133" /><testcase classname="backend.tests.test_v130_full_validation.TestFrontendRoutes" name="test_auth_page_loads" time="0.140" /><testcase classname="backend.tests.test_v130_full_validation.TestFrontendRoutes" name="test_login_route_returns_200" time="0.096" /><testcase classname="backend.tests.test_v130_full_validation.TestFrontendRoutes" name="test_register_route_returns_200" time="0.094" /><testcase classname="backend.tests.test_v130_full_validation.TestFrontendRoutes" name="test_gaze_naturale_public" time="0.105" /><testcase classname="backend.tests.test_v130_full_validation.TestPlans" name="test_plans_list" time="0.109" /><testcase classname="backend.tests.test_v130_full_validation.TestStripe" name="test_checkout_create_session" time="0.572" /><testcase classname="backend.tests.test_v130_full_validation.TestStripe" name="test_donations_checkout_5_eur" time="0.449" /><testcase classname="backend.tests.test_v130_full_validation.TestStripe" name="test_donations_min_amount" time="0.105" /><testcase classname="backend.tests.test_v130_full_validation.TestAdmin" name="test_admin_users_owner" time="0.109" /><testcase classname="backend.tests.test_v130_full_validation.TestAdmin" name="test_admin_users_forbidden_for_new_user" time="0.117" /><testcase classname="backend.tests.test_v130_full_validation.TestMePlan" name="test_me_plan_owner" time="0.101" /></testsuite></testsuites>