<?xml version="1.0" encoding="utf-8"?><testsuites name="pytest tests"><testsuite name="pytest" errors="0" failures="0" skipped="0" tests="5" time="3.899" timestamp="2026-06-07T21:47:46.606846+00:00" hostname="agent-env-765b01c1-eade-4602-a4eb-326a74f6c8a8"><testcase classname="backend.tests.test_v58_features" name="test_gas_phases" time="0.249" /><testcase classname="backend.tests.test_v58_features" name="test_gas_project_full_flow" time="1.105" /><testcase classname="backend.tests.test_v58_features" name="test_subscriber_types" time="0.148" /><testcase classname="backend.tests.test_v58_features" name="test_subscriber_crud_and_filter" time="0.509" /><testcase classname="backend.tests.test_v58_features" name="test_ai_agent_rate_limit_shape" time="1.798" /></testsuite></testsuites>