<?xml version="1.0" encoding="utf-8"?><testsuites name="pytest tests"><testsuite name="pytest" errors="0" failures="0" skipped="0" tests="10" time="5.697" timestamp="2026-06-07T22:03:11.660972+00:00" hostname="agent-env-765b01c1-eade-4602-a4eb-326a74f6c8a8"><testcase classname="backend.tests.test_v59_features" name="test_companies_roles_public" time="0.227" /><testcase classname="backend.tests.test_v59_features" name="test_companies_stats_public" time="0.061" /><testcase classname="backend.tests.test_v59_features" name="test_companies_list_public_with_filters" time="0.072" /><testcase classname="backend.tests.test_v59_features" name="test_companies_full_crud_lifecycle" time="0.866" /><testcase classname="backend.tests.test_v59_features" name="test_clients_requires_auth" time="0.137" /><testcase classname="backend.tests.test_v59_features" name="test_clients_full_crud_lifecycle" time="0.311" /><testcase classname="backend.tests.test_v59_features" name="test_regression_gas_project_phases" time="0.063" /><testcase classname="backend.tests.test_v59_features" name="test_regression_subscribers_types" time="0.056" /><testcase classname="backend.tests.test_v59_features" name="test_regression_verify_public_qr_endpoint" time="0.058" /><testcase classname="backend.tests.test_v59_features" name="test_regression_ai_agents_rate_limit_shape" time="3.754" /></testsuite></testsuites>