<?xml version="1.0" encoding="utf-8"?><testsuites name="pytest tests"><testsuite name="pytest" errors="0" failures="0" skipped="0" tests="7" time="2.321" timestamp="2026-06-12T21:05:22.345979+00:00" hostname="agent-env-57bd020b-829b-4403-b2b9-09912868b634"><testcase classname="backend.tests.test_v74_gas_naturale.TestPlaceholdersRegistry" name="test_registry_returns_full_structure" time="0.503" /><testcase classname="backend.tests.test_v74_gas_naturale.TestPlaceholdersRegistry" name="test_registry_categories_have_expected_ids" time="0.064" /><testcase classname="backend.tests.test_v74_gas_naturale.TestGasProjectDoc" name="test_memoriu_tehnic_downloads_with_data" time="0.111" /><testcase classname="backend.tests.test_v74_gas_naturale.TestDossierZip" name="test_dossier_zip_contains_23_docx" time="0.881" /><testcase classname="backend.tests.test_v74_gas_naturale.TestPaymentsCheckout" name="test_checkout_returns_stripe_url" time="0.577" /><testcase classname="backend.tests.test_v74_gas_naturale.TestUpgradeInfo" name="test_upgrade_info_admin_has_access" time="0.053" /><testcase classname="backend.tests.test_v74_gas_naturale.TestUpgradeInfo" name="test_upgrade_info_no_python_error_in_plan_iteration" time="0.051" /></testsuite></testsuites>