<?xml version="1.0" encoding="utf-8"?><testsuites name="pytest tests"><testsuite name="pytest" errors="0" failures="0" skipped="0" tests="11" time="4.018" timestamp="2026-06-12T22:04:01.246977+00:00" hostname="agent-env-57bd020b-829b-4403-b2b9-09912868b634"><testcase classname="backend.tests.test_v80_extra_templates.TestNewGasTemplates" name="test_dtac_lista_avize_docx" time="0.613" /><testcase classname="backend.tests.test_v80_extra_templates.TestNewGasTemplates" name="test_pv_calitate_docx" time="0.180" /><testcase classname="backend.tests.test_v80_extra_templates.TestNewGasTemplates" name="test_program_faze_isc_docx" time="0.147" /><testcase classname="backend.tests.test_v80_extra_templates.TestDossierZip" name="test_dossier_zip_contains_27_files" time="1.567" /><testcase classname="backend.tests.test_v80_extra_templates.TestMeBilling" name="test_me_billing_shape" time="0.102" /><testcase classname="backend.tests.test_v80_extra_templates.TestStripeCheckout" name="test_payments_checkout_basic_plan" time="0.700" /><testcase classname="backend.tests.test_v80_extra_templates.TestWebhookCodeStructure" name="test_idempotency_markers_in_server_py" time="0.000" /><testcase classname="backend.tests.test_v80_extra_templates.TestRegressionFromIter5" name="test_placeholders_registry_179_fields" time="0.115" /><testcase classname="backend.tests.test_v80_extra_templates.TestRegressionFromIter5" name="test_memoriu_tehnic_renders" time="0.188" /><testcase classname="backend.tests.test_v80_extra_templates.TestRegressionFromIter5" name="test_carte_tehnica_renders" time="0.143" /><testcase classname="backend.tests.test_v80_extra_templates.TestRegressionFromIter5" name="test_borderou_renders" time="0.160" /></testsuite></testsuites>