<?xml version="1.0" encoding="utf-8"?><testsuites name="pytest tests"><testsuite name="pytest" errors="0" failures="0" skipped="0" tests="35" time="7.084" timestamp="2026-06-12T22:14:28.988279+00:00" hostname="agent-env-57bd020b-829b-4403-b2b9-09912868b634"><testcase classname="backend.tests.test_v81_cartouche_and_full_coverage.TestCaietSarciniExtended" name="test_caiet_sarcini_new_sections" time="0.581" /><testcase classname="backend.tests.test_v81_cartouche_and_full_coverage.TestCaietSarciniExtended" name="test_caiet_sarcini_cartouche_block" time="0.157" /><testcase classname="backend.tests.test_v81_cartouche_and_full_coverage.TestMemoriuCartouche" name="test_memoriu_tehnic_cartouche_and_sections" time="0.197" /><testcase classname="backend.tests.test_v81_cartouche_and_full_coverage.TestCarteTehnica3ColFooter" name="test_carte_tehnica_3col_signature" time="0.155" /><testcase classname="backend.tests.test_v81_cartouche_and_full_coverage.TestBorderouCartoucheAndMateriale" name="test_borderou_cartouche_and_codes" time="0.154" /><testcase classname="backend.tests.test_v81_cartouche_and_full_coverage.TestPvCalitateSections5And6" name="test_pv_calitate_sections_5_and_6" time="0.138" /><testcase classname="backend.tests.test_v81_cartouche_and_full_coverage.TestAllTemplatesRegression" name="test_template_renders_200_and_valid_docx[cerere_cu]" time="0.176" /><testcase classname="backend.tests.test_v81_cartouche_and_full_coverage.TestAllTemplatesRegression" name="test_template_renders_200_and_valid_docx[cerere_atr]" time="0.150" /><testcase classname="backend.tests.test_v81_cartouche_and_full_coverage.TestAllTemplatesRegression" name="test_template_renders_200_and_valid_docx[cerere_aviz_apa]" time="0.136" /><testcase classname="backend.tests.test_v81_cartouche_and_full_coverage.TestAllTemplatesRegression" name="test_template_renders_200_and_valid_docx[cerere_aviz_electrica]" time="0.152" /><testcase classname="backend.tests.test_v81_cartouche_and_full_coverage.TestAllTemplatesRegression" name="test_template_renders_200_and_valid_docx[cerere_aviz_drumuri]" time="0.131" /><testcase classname="backend.tests.test_v81_cartouche_and_full_coverage.TestAllTemplatesRegression" name="test_template_renders_200_and_valid_docx[cerere_aviz_politie]" time="0.175" /><testcase classname="backend.tests.test_v81_cartouche_and_full_coverage.TestAllTemplatesRegression" name="test_template_renders_200_and_valid_docx[cerere_aviz_mediu]" time="0.162" /><testcase classname="backend.tests.test_v81_cartouche_and_full_coverage.TestAllTemplatesRegression" name="test_template_renders_200_and_valid_docx[cerere_aviz_iscir]" time="0.208" /><testcase classname="backend.tests.test_v81_cartouche_and_full_coverage.TestAllTemplatesRegression" name="test_template_renders_200_and_valid_docx[memoriu_tehnic]" time="0.170" /><testcase classname="backend.tests.test_v81_cartouche_and_full_coverage.TestAllTemplatesRegression" name="test_template_renders_200_and_valid_docx[caiet_sarcini]" time="0.161" /><testcase classname="backend.tests.test_v81_cartouche_and_full_coverage.TestAllTemplatesRegression" name="test_template_renders_200_and_valid_docx[borderou]" time="0.156" /><testcase classname="backend.tests.test_v81_cartouche_and_full_coverage.TestAllTemplatesRegression" name="test_template_renders_200_and_valid_docx[anunt_incepere]" time="0.145" /><testcase classname="backend.tests.test_v81_cartouche_and_full_coverage.TestAllTemplatesRegression" name="test_template_renders_200_and_valid_docx[predare_amplasament]" time="0.125" /><testcase classname="backend.tests.test_v81_cartouche_and_full_coverage.TestAllTemplatesRegression" name="test_template_renders_200_and_valid_docx[dispozitie_santier]" time="0.136" /><testcase classname="backend.tests.test_v81_cartouche_and_full_coverage.TestAllTemplatesRegression" name="test_template_renders_200_and_valid_docx[cerere_pif]" time="0.133" /><testcase classname="backend.tests.test_v81_cartouche_and_full_coverage.TestAllTemplatesRegression" name="test_template_renders_200_and_valid_docx[pv_receptie]" time="0.152" /><testcase classname="backend.tests.test_v81_cartouche_and_full_coverage.TestAllTemplatesRegression" name="test_template_renders_200_and_valid_docx[carte_tehnica]" time="0.159" /><testcase classname="backend.tests.test_v81_cartouche_and_full_coverage.TestAllTemplatesRegression" name="test_template_renders_200_and_valid_docx[pv_lucrari_ascunse]" time="0.138" /><testcase classname="backend.tests.test_v81_cartouche_and_full_coverage.TestAllTemplatesRegression" name="test_template_renders_200_and_valid_docx[pv_faza_determinanta]" time="0.133" /><testcase classname="backend.tests.test_v81_cartouche_and_full_coverage.TestAllTemplatesRegression" name="test_template_renders_200_and_valid_docx[program_control_calitate]" time="0.150" /><testcase classname="backend.tests.test_v81_cartouche_and_full_coverage.TestAllTemplatesRegression" name="test_template_renders_200_and_valid_docx[referat_verificator]" time="0.130" /><testcase classname="backend.tests.test_v81_cartouche_and_full_coverage.TestAllTemplatesRegression" name="test_template_renders_200_and_valid_docx[notificare_isc]" time="0.136" /><testcase classname="backend.tests.test_v81_cartouche_and_full_coverage.TestAllTemplatesRegression" name="test_template_renders_200_and_valid_docx[as_built]" time="0.142" /><testcase classname="backend.tests.test_v81_cartouche_and_full_coverage.TestAllTemplatesRegression" name="test_template_renders_200_and_valid_docx[dtac_lista_avize]" time="0.151" /><testcase classname="backend.tests.test_v81_cartouche_and_full_coverage.TestAllTemplatesRegression" name="test_template_renders_200_and_valid_docx[pv_calitate]" time="0.147" /><testcase classname="backend.tests.test_v81_cartouche_and_full_coverage.TestAllTemplatesRegression" name="test_template_renders_200_and_valid_docx[program_faze_isc]" time="0.128" /><testcase classname="backend.tests.test_v81_cartouche_and_full_coverage.TestAllTemplatesRegression" name="test_dossier_zip_still_complete" time="1.053" /><testcase classname="backend.tests.test_v81_cartouche_and_full_coverage.TestPaymentsBillingRegression" name="test_payments_checkout_basic_plan" time="0.581" /><testcase classname="backend.tests.test_v81_cartouche_and_full_coverage.TestPaymentsBillingRegression" name="test_me_billing_shape" time="0.102" /></testsuite></testsuites>