<?xml version="1.0" encoding="utf-8"?><testsuites name="pytest tests"><testsuite name="pytest" errors="0" failures="0" skipped="0" tests="10" time="2.663" timestamp="2026-06-12T22:34:06.629636+00:00" hostname="agent-env-57bd020b-829b-4403-b2b9-09912868b634"><testcase classname="backend.tests.test_v82_stamp_absolute_and_billing.TestInsertStampAbsolute" name="test_absolute_positioning_creates_anchor" time="0.029" /><testcase classname="backend.tests.test_v82_stamp_absolute_and_billing.TestInsertStampAbsolute" name="test_legacy_preset_bottom_right_still_works" time="0.015" /><testcase classname="backend.tests.test_v82_stamp_absolute_and_billing.TestInsertStampAbsolute" name="test_legacy_preset_top_left_still_works" time="0.014" /><testcase classname="backend.tests.test_v82_stamp_absolute_and_billing.TestInsertStampAbsolute" name="test_emu_conversion_various_coords" time="0.014" /><testcase classname="backend.tests.test_v82_stamp_absolute_and_billing.TestBillingEndpoint" name="test_me_billing_shape" time="0.457" /><testcase classname="backend.tests.test_v82_stamp_absolute_and_billing.TestBillingEndpoint" name="test_me_billing_unauth" time="0.104" /><testcase classname="backend.tests.test_v82_stamp_absolute_and_billing.TestPlaceholdersRegistry" name="test_registry_returns_at_least_179_fields" time="0.111" /><testcase classname="backend.tests.test_v82_stamp_absolute_and_billing.TestStripeCheckout" name="test_checkout_returns_stripe_url" time="0.596" /><testcase classname="backend.tests.test_v82_stamp_absolute_and_billing.TestDossierZip" name="test_dossier_zip_contains_27_files" time="1.075" /><testcase classname="backend.tests.test_v82_stamp_absolute_and_billing.TestGenerateAcceptsAbsoluteStamp" name="test_post_documents_generate_accepts_stamp_x_y_fields" time="0.146" /></testsuite></testsuites>