<?xml version="1.0" encoding="utf-8"?><testsuites name="pytest tests"><testsuite name="pytest" errors="0" failures="0" skipped="0" tests="17" time="5.037" timestamp="2026-06-12T22:46:29.731855+00:00" hostname="agent-env-57bd020b-829b-4403-b2b9-09912868b634"><testcase classname="backend.tests.test_v83_gas_services.TestListServices" name="test_list_services_catalog_has_5_items" time="0.455" /><testcase classname="backend.tests.test_v83_gas_services.TestListServices" name="test_list_services_unknown_project_returns_404" time="0.101" /><testcase classname="backend.tests.test_v83_gas_services.TestListServices" name="test_list_services_unauth" time="0.097" /><testcase classname="backend.tests.test_v83_gas_services.TestServiceCheckout" name="test_checkout_express_24h_returns_stripe_url" time="0.550" /><testcase classname="backend.tests.test_v83_gas_services.TestServiceCheckout" name="test_checkout_qes_signature" time="0.478" /><testcase classname="backend.tests.test_v83_gas_services.TestServiceCheckout" name="test_checkout_invalid_service_returns_400" time="0.098" /><testcase classname="backend.tests.test_v83_gas_services.TestServiceCheckout" name="test_checkout_unknown_project_returns_404" time="0.100" /><testcase classname="backend.tests.test_v83_gas_services.TestServiceCheckout" name="test_checkout_unauth" time="0.099" /><testcase classname="backend.tests.test_v83_gas_services.TestServiceStatus" name="test_status_for_freshly_created_session" time="0.732" /><testcase classname="backend.tests.test_v83_gas_services.TestServiceStatus" name="test_status_for_unknown_session" time="0.095" /><testcase classname="backend.tests.test_v83_gas_services.TestV82RegressionSmoke" name="test_me_billing" time="0.096" /><testcase classname="backend.tests.test_v83_gas_services.TestV82RegressionSmoke" name="test_placeholders_registry" time="0.107" /><testcase classname="backend.tests.test_v83_gas_services.TestV82RegressionSmoke" name="test_dossier_zip_27_files" time="1.140" /><testcase classname="backend.tests.test_v83_gas_services.TestV82RegressionSmoke" name="test_plan_checkout_returns_stripe" time="0.478" /><testcase classname="backend.tests.test_v83_gas_services.TestV82RegressionSmoke" name="test_auth_me" time="0.094" /><testcase classname="backend.tests.test_v83_gas_services.TestV82RegressionSmoke" name="test_upgrade_info" time="0.131" /><testcase classname="backend.tests.test_v83_gas_services.TestV82RegressionSmoke" name="test_stamps_list" time="0.094" /></testsuite></testsuites>