<?xml version="1.0" encoding="utf-8"?><testsuites name="pytest tests"><testsuite name="pytest" errors="0" failures="0" skipped="0" tests="18" time="3.410" timestamp="2026-06-12T23:19:50.676765+00:00" hostname="agent-env-57bd020b-829b-4403-b2b9-09912868b634"><testcase classname="backend.tests.test_v85_ntpee_registry.TestRegistryV85" name="test_registry_endpoint_ok" time="0.202" /><testcase classname="backend.tests.test_v85_ntpee_registry.TestRegistryV85" name="test_registry_field_count_221" time="0.051" /><testcase classname="backend.tests.test_v85_ntpee_registry.TestRegistryV85" name="test_registry_section_count_32" time="0.050" /><testcase classname="backend.tests.test_v85_ntpee_registry.TestRegistryV85" name="test_registry_category_count_8" time="0.052" /><testcase classname="backend.tests.test_v85_ntpee_registry.TestRegistryV85" name="test_ntpee_compliance_category" time="0.053" /><testcase classname="backend.tests.test_v85_ntpee_registry.TestRegistryV85" name="test_ntpee_sections_present" time="0.051" /><testcase classname="backend.tests.test_v85_ntpee_registry.TestRegistryV85" name="test_new_ntpee_fields_present" time="0.068" /><testcase classname="backend.tests.test_v85_ntpee_registry.TestDossierZip" name="test_dossier_zip" time="1.547" /><testcase classname="backend.tests.test_v85_ntpee_registry" name="test_v84_template_generates[declaratie_conformitate]" time="0.093" /><testcase classname="backend.tests.test_v85_ntpee_registry" name="test_v84_template_generates[buletin_proba_rezistenta]" time="0.082" /><testcase classname="backend.tests.test_v85_ntpee_registry" name="test_v84_template_generates[buletin_proba_etanseitate]" time="0.079" /><testcase classname="backend.tests.test_v85_ntpee_registry" name="test_v84_template_generates[pv_receptie_finala]" time="0.079" /><testcase classname="backend.tests.test_v85_ntpee_registry" name="test_v84_template_generates[pv_pif_semnat]" time="0.083" /><testcase classname="backend.tests.test_v85_ntpee_registry" name="test_v84_template_generates[fisa_sudor]" time="0.078" /><testcase classname="backend.tests.test_v85_ntpee_registry" name="test_v84_template_generates[plan_ssm]" time="0.090" /><testcase classname="backend.tests.test_v85_ntpee_registry.TestServicesV83" name="test_services_catalog" time="0.050" /><testcase classname="backend.tests.test_v85_ntpee_registry.TestServicesV83" name="test_qes_checkout" time="0.559" /><testcase classname="backend.tests.test_v85_ntpee_registry.TestBilling" name="test_me_billing" time="0.051" /></testsuite></testsuites>