<?xml version="1.0" encoding="utf-8"?><testsuites name="pytest tests"><testsuite name="pytest" errors="0" failures="0" skipped="0" tests="13" time="2.438" timestamp="2026-06-12T23:37:33.694181+00:00" hostname="agent-env-57bd020b-829b-4403-b2b9-09912868b634"><testcase classname="backend.tests.test_v86_smart_qes.TestSmartFill" name="test_smart_fill_full_jp_payload" time="0.198" /><testcase classname="backend.tests.test_v86_smart_qes.TestSmartFill" name="test_smart_fill_empty" time="0.047" /><testcase classname="backend.tests.test_v86_smart_qes.TestValidate" name="test_validate_catches_3_errors" time="0.045" /><testcase classname="backend.tests.test_v86_smart_qes.TestValidate" name="test_validate_clean" time="0.049" /><testcase classname="backend.tests.test_v86_smart_qes.TestQesV2" name="test_qes_providers_list" time="0.046" /><testcase classname="backend.tests.test_v86_smart_qes.TestQesV2" name="test_qes_sign_valid" time="0.049" /><testcase classname="backend.tests.test_v86_smart_qes.TestQesV2" name="test_qes_sign_invalid_cnp" time="0.047" /><testcase classname="backend.tests.test_v86_smart_qes.TestQesV2" name="test_qes_sign_invalid_hash" time="0.045" /><testcase classname="backend.tests.test_v86_smart_qes.TestQesV2" name="test_qes_sign_invalid_provider" time="0.044" /><testcase classname="backend.tests.test_v86_smart_qes.TestQesV2" name="test_qes_verify_roundtrip" time="0.100" /><testcase classname="backend.tests.test_v86_smart_qes.TestV85Regression" name="test_registry_counts" time="0.060" /><testcase classname="backend.tests.test_v86_smart_qes.TestV85Regression" name="test_dossier_zip" time="1.554" /><testcase classname="backend.tests.test_v86_smart_qes.TestV85Regression" name="test_me_billing" time="0.052" /></testsuite></testsuites>