<?xml version="1.0" encoding="utf-8"?><testsuites name="pytest tests"><testsuite name="pytest" errors="0" failures="0" skipped="0" tests="8" time="2.705" timestamp="2026-06-21T06:34:51.898839+00:00" hostname="agent-env-57bd020b-829b-4403-b2b9-09912868b634"><testcase classname="backend.tests.test_v87_gas_engineering.TestTronsonsRenouard" name="test_multi_tronson_basic" time="0.506" /><testcase classname="backend.tests.test_v87_gas_engineering.TestTronsonsRenouard" name="test_empty_tronsons" time="0.096" /><testcase classname="backend.tests.test_v87_gas_engineering.TestSmartSizing" name="test_full_payload" time="0.107" /><testcase classname="backend.tests.test_v87_gas_engineering.TestSmartSizing" name="test_partial_payload_no_debit" time="0.111" /><testcase classname="backend.tests.test_v87_gas_engineering.TestMaterialsAutoSuggest" name="test_branchament_pe100_jp" time="0.101" /><testcase classname="backend.tests.test_v87_gas_engineering.TestRegression" name="test_registry_counts" time="0.095" /><testcase classname="backend.tests.test_v87_gas_engineering.TestRegression" name="test_dossier_zip" time="1.386" /><testcase classname="backend.tests.test_v87_gas_engineering.TestRegression" name="test_smart_fill_validate" time="0.217" /></testsuite></testsuites>