<?xml version="1.0" encoding="utf-8"?><testsuites name="pytest tests"><testsuite name="pytest" errors="0" failures="0" skipped="0" tests="9" time="0.768" timestamp="2026-06-21T08:51:51.804856+00:00" hostname="agent-env-57bd020b-829b-4403-b2b9-09912868b634"><testcase classname="backend.tests.test_v92_features.TestBackendBoot" name="test_plans_endpoint_loads" time="0.111" /><testcase classname="backend.tests.test_v92_features.TestPlansV92" name="test_plan_count_and_prices" time="0.045" /><testcase classname="backend.tests.test_v92_features.TestPlansV92" name="test_vgd_value_props_verificator" time="0.042" /><testcase classname="backend.tests.test_v92_features.TestPlansV92" name="test_profile_config_on_pro_plans" time="0.042" /><testcase classname="backend.tests.test_v92_features.TestGasEngineeringPlaceholders" name="test_groapa_sudare_dn63" time="0.044" /><testcase classname="backend.tests.test_v92_features.TestGasEngineeringPlaceholders" name="test_tub_protectie_dn63" time="0.042" /><testcase classname="backend.tests.test_v92_features.TestGasEngineeringPlaceholders" name="test_probe_presiune_medie" time="0.045" /><testcase classname="backend.tests.test_v92_features.TestGasEngineeringPlaceholders" name="test_consumatori_debit" time="0.043" /><testcase classname="backend.tests.test_v92_features.TestAuthWithLiveKey" name="test_login_developer" time="0.274" /></testsuite></testsuites>