<?xml version="1.0" encoding="utf-8"?><testsuites name="pytest tests"><testsuite name="pytest" errors="0" failures="1" skipped="0" tests="5" time="2.117" timestamp="2026-06-21T09:08:58.110065+00:00" hostname="agent-env-57bd020b-829b-4403-b2b9-09912868b634"><testcase classname="backend.tests.test_v93_features.TestPlansV93" name="test_plans_no_free_demo" time="1.000" /><testcase classname="backend.tests.test_v93_features.TestPlansV93" name="test_plans_prices_v93" time="0.097" /><testcase classname="backend.tests.test_v93_features.TestOcrDocLegacy" name="test_extract_fields_doc" time="0.613"><failure message="AssertionError: unexpected confidence: low&#10;assert 'low' in ('medium', 'high')&#10; +  where 'low' = &lt;built-in method lower of str object at 0xfb7c9bdc29b0&gt;()&#10; +    where &lt;built-in method lower of str object at 0xfb7c9bdc29b0&gt; = 'low'.lower&#10; +      where 'low' = str('low')">backend/tests/test_v93_features.py:71: in test_extract_fields_doc
    assert str(conf).lower() in ("medium", "high"), f"unexpected confidence: {conf}"
E   AssertionError: unexpected confidence: low
E   assert 'low' in ('medium', 'high')
E    +  where 'low' = &lt;built-in method lower of str object at 0xfb7c9bdc29b0&gt;()
E    +    where &lt;built-in method lower of str object at 0xfb7c9bdc29b0&gt; = 'low'.lower
E    +      where 'low' = str('low')</failure></testcase><testcase classname="backend.tests.test_v93_features.TestOcrDocLegacy" name="test_template_placeholders_doc" time="0.193" /><testcase classname="backend.tests.test_v93_features.TestSeoV93" name="test_index_html_seo" time="0.099" /></testsuite></testsuites>